Start: 2019-05-26 14:28:28  End: 2019-05-26 14:28:38  Words:      -23
Start: 2019-05-26 14:31:12  End: 2019-05-26 14:31:34  Words:       12
Start: 2019-05-26 14:33:27  End: 2019-05-26 14:33:31  Words:        0
Start: 2019-05-26 14:40:29  End: 2019-05-26 14:40:32  Words:        0
Start: 2019-05-26 14:40:43  End: 2019-05-26 14:40:46  Words:        0
Start: 2019-05-26 14:48:40  End: 2019-05-26 14:48:50  Words:        0
Start: 2019-05-26 14:50:18  End: 2019-05-26 14:50:21  Words:        0
Start: 2019-05-26 14:50:29  End: 2019-05-26 14:50:47  Words:        3
Start: 2019-05-26 15:10:52  End: 2019-05-26 15:11:09  Words:        0
Start: 2019-05-26 15:28:56  End: 2019-05-26 15:29:08  Words:        0
Start: 2019-05-26 15:37:34  End: 2019-05-26 15:37:43  Words:     -538
Start: 2019-05-26 15:37:47  End: 2019-05-26 15:38:07  Words:      538
Start: 2019-05-26 15:38:11  End: 2019-05-26 15:43:07  Words:        2
Start: 2019-05-26 15:49:18  End: 2019-05-26 15:49:47  Words:        0
Start: 2019-05-26 15:52:39  End: 2019-05-26 15:52:56  Words:        0
Start: 2019-05-27 21:23:07  End: 2019-05-27 21:26:41  Words:        0
Start: 2019-05-27 21:26:56  End: 2019-05-27 21:27:48  Words:        0
Start: 2019-05-27 21:29:11  End: 2019-05-27 21:30:30  Words:        0
Start: 2019-05-27 21:33:30  End: 2019-05-27 21:35:14  Words:        0
Start: 2019-05-27 21:35:20  End: 2019-05-27 21:36:03  Words:        0
Start: 2019-05-27 21:36:07  End: 2019-05-27 21:36:23  Words:        0
Start: 2019-05-27 21:36:27  End: 2019-05-27 21:37:46  Words:        0
Start: 2019-05-27 21:37:50  End: 2019-05-27 21:38:05  Words:        0
Start: 2019-05-27 21:38:14  End: 2019-05-27 21:38:24  Words:        0
Start: 2019-05-27 21:39:08  End: 2019-05-27 21:39:23  Words:        0
Start: 2019-05-27 21:42:21  End: 2019-05-27 21:42:39  Words:        0
Start: 2019-05-27 21:45:07  End: 2019-05-27 21:45:18  Words:        0
Start: 2019-05-27 21:58:30  End: 2019-05-27 21:58:43  Words:        0
Start: 2019-05-27 22:02:01  End: 2019-05-27 22:02:09  Words:        0
Start: 2019-05-27 22:05:47  End: 2019-05-27 22:06:02  Words:        0
Start: 2019-05-27 22:08:25  End: 2019-05-27 22:09:35  Words:        0
Start: 2019-05-27 22:11:40  End: 2019-05-27 22:14:18  Words:        3
Start: 2019-05-27 22:20:55  End: 2019-05-27 22:21:40  Words:       -2
Start: 2019-05-27 22:22:38  End: 2019-05-27 22:23:12  Words:       16
Start: 2019-05-27 22:55:34  End: 2019-05-27 22:56:09  Words:        0
Start: 2019-05-27 22:58:47  End: 2019-05-27 23:00:47  Words:       17
Start: 2019-05-28 18:20:15  End: 2019-05-28 18:20:30  Words:       -1
Start: 2019-05-28 18:21:04  End: 2019-05-28 18:21:24  Words:        0
Start: 2019-05-28 18:29:41  End: 2019-05-28 18:30:16  Words:        0
Start: 2019-05-28 18:30:59  End: 2019-05-28 18:32:06  Words:        0
Start: 2019-05-28 18:34:33  End: 2019-05-28 18:34:48  Words:        1
Start: 2019-05-28 18:43:08  End: 2019-05-28 18:43:21  Words:        0
Start: 2019-05-28 18:49:29  End: 2019-05-28 18:49:40  Words:        0
Start: 2019-05-28 19:13:20  End: 2019-05-28 19:13:24  Words:       -1
Start: 2019-05-28 19:17:05  End: 2019-05-28 19:17:13  Words:        1
Start: 2019-05-28 19:49:44  End: 2019-05-28 19:52:23  Words:       -1
Start: 2019-05-28 19:52:29  End: 2019-05-28 19:54:42  Words:        0
Start: 2019-05-28 19:55:33  End: 2019-05-28 19:55:56  Words:        0
Start: 2019-05-28 19:57:29  End: 2019-05-28 20:02:33  Words:        0
Start: 2019-05-28 20:02:38  End: 2019-05-28 20:05:19  Words:        0
Start: 2019-05-28 20:05:23  End: 2019-05-28 20:06:48  Words:        0
Start: 2019-05-28 20:07:00  End: 2019-05-28 20:12:26  Words:        0
Start: 2019-05-28 20:12:31  End: 2019-05-28 20:17:58  Words:      -16
Start: 2019-05-28 20:28:31  End: 2019-05-28 20:28:53  Words:        0
Start: 2019-05-28 20:28:57  End: 2019-05-28 20:29:05  Words:       16
Start: 2019-05-28 21:00:49  End: 2019-05-28 21:01:45  Words:        1
Start: 2019-05-28 21:02:01  End: 2019-05-28 21:02:06  Words:        0
Start: 2019-05-28 21:17:57  End: 2019-05-28 21:25:48  Words:        0
Start: 2019-05-28 21:35:39  End: 2019-05-28 21:35:47  Words:        0
Start: 2019-05-28 22:22:54  End: 2019-05-28 22:23:12  Words:        0
Start: 2019-05-30 11:58:19  End: 2019-05-30 11:59:15  Words:        0
Start: 2019-05-30 11:59:19  End: 2019-05-30 11:59:26  Words:        0
Start: 2019-05-30 11:59:55  End: 2019-05-30 12:00:09  Words:        0
Start: 2019-05-30 12:01:47  End: 2019-05-30 12:02:08  Words:        0
Start: 2019-05-30 12:03:56  End: 2019-05-30 12:04:23  Words:        0
Start: 2019-05-30 12:09:24  End: 2019-05-30 12:09:47  Words:        0
Start: 2019-05-30 12:10:13  End: 2019-05-30 12:10:40  Words:        0
Start: 2019-05-30 12:12:14  End: 2019-05-30 12:12:33  Words:        0
Start: 2019-05-30 12:13:56  End: 2019-05-30 12:14:08  Words:        0
Start: 2019-05-30 12:14:24  End: 2019-05-30 12:14:44  Words:        0
Start: 2019-05-30 12:14:53  End: 2019-05-30 12:15:31  Words:        0
Start: 2019-05-30 12:17:36  End: 2019-05-30 12:17:49  Words:        0
Start: 2019-05-30 12:20:12  End: 2019-05-30 12:20:24  Words:        0
Start: 2019-05-30 12:36:42  End: 2019-05-30 12:37:21  Words:        0
Start: 2019-05-30 12:37:42  End: 2019-05-30 12:38:01  Words:        0
Start: 2019-05-30 12:47:13  End: 2019-05-30 12:47:27  Words:        0
Start: 2019-05-30 12:47:47  End: 2019-05-30 12:48:03  Words:        0
Start: 2019-05-30 12:50:01  End: 2019-05-30 12:50:15  Words:        0
Start: 2019-05-30 12:54:26  End: 2019-05-30 12:54:34  Words:        0
Start: 2019-05-30 15:25:50  End: 2019-05-30 15:25:59  Words:        0
Start: 2019-05-30 15:43:36  End: 2019-05-30 15:43:44  Words:        0
Start: 2019-05-30 15:52:46  End: 2019-05-30 15:53:12  Words:        0
Start: 2019-05-30 15:53:44  End: 2019-05-30 15:53:56  Words:        0
Start: 2019-05-30 15:56:29  End: 2019-05-30 15:57:35  Words:        0
Start: 2019-05-30 15:57:41  End: 2019-05-30 15:59:58  Words:        0
Start: 2019-05-30 16:00:01  End: 2019-05-30 16:00:28  Words:        0
Start: 2019-05-30 16:00:56  End: 2019-05-30 16:01:06  Words:        0
Start: 2019-05-30 16:01:32  End: 2019-05-30 16:01:48  Words:        0
Start: 2019-05-30 16:02:35  End: 2019-05-30 16:03:03  Words:        0
Start: 2019-05-30 17:00:23  End: 2019-05-30 17:21:07  Words:        0
Start: 2019-05-30 17:21:11  End: 2019-05-30 17:21:24  Words:        0
Start: 2019-05-30 17:24:41  End: 2019-05-30 17:24:46  Words:        0
Start: 2019-05-30 17:29:08  End: 2019-05-30 17:29:19  Words:        0
Start: 2019-05-30 18:12:59  End: 2019-05-30 18:13:07  Words:        0
Start: 2019-05-30 18:13:32  End: 2019-05-30 18:13:42  Words:        0
Start: 2019-05-30 18:16:13  End: 2019-05-30 18:16:18  Words:        0
Start: 2019-05-30 18:22:24  End: 2019-05-30 18:22:30  Words:        0
Start: 2019-05-30 18:22:43  End: 2019-05-30 18:24:11  Words:        0
Start: 2019-05-30 18:25:40  End: 2019-05-30 18:25:45  Words:        0
Start: 2019-05-30 18:26:01  End: 2019-05-30 18:27:56  Words:        0
Start: 2019-05-30 18:28:00  End: 2019-05-30 18:30:22  Words:        0
Start: 2019-05-30 18:42:16  End: 2019-05-30 18:43:10  Words:        0
Start: 2019-05-30 18:43:24  End: 2019-05-30 18:43:31  Words:        0
